ARM GAS  C:\Users\RAKIBU~1\AppData\Local\Temp\ccMcuvWF.s 			page 1


   1              		.cpu cortex-m4
   2              		.eabi_attribute 20, 1
   3              		.eabi_attribute 21, 1
   4              		.eabi_attribute 23, 3
   5              		.eabi_attribute 24, 1
   6              		.eabi_attribute 25, 1
   7              		.eabi_attribute 26, 1
   8              		.eabi_attribute 30, 2
   9              		.eabi_attribute 34, 1
  10              		.eabi_attribute 18, 4
  11              		.file	"m2m_crypto.c"
  12              		.file 1 "./winc1500/bsp/include/nm_bsp.h"
  13              		.file 2 "./winc1500/bus_wrapper/include/nm_bus_wrapper.h"
  14              		.section	.gnu.debuglto_.debug_info,"e",%progbits
  15              	.Ldebug_info0:
  16              		.hidden	m2m_crypto.c.b881e853
  17              		.weak	m2m_crypto.c.b881e853
  18              	m2m_crypto.c.b881e853:
  19 0000 8D000000 		.4byte	0x8d
  20 0004 0400     		.2byte	0x4
  21 0006 00000000 		.4byte	.Ldebug_abbrev0
  22 000a 04       		.byte	0x4
  23 000b 01       		.uleb128 0x1
  24 000c 00010000 		.4byte	.LASF10
  25 0010 0C       		.byte	0xc
  26 0011 0D000000 		.4byte	.LASF11
  27 0015 A8000000 		.4byte	.LASF12
  28 0019 00000000 		.4byte	.Ldebug_line0
  29 001d 02       		.uleb128 0x2
  30 001e 01       		.byte	0x1
  31 001f 08       		.byte	0x8
  32 0020 91000000 		.4byte	.LASF0
  33 0024 03       		.uleb128 0x3
  34 0025 F9000000 		.4byte	.LASF8
  35 0029 01       		.byte	0x1
  36 002a 65       		.byte	0x65
  37 002b 18       		.byte	0x18
  38 002c 30000000 		.4byte	0x30
  39 0030 02       		.uleb128 0x2
  40 0031 02       		.byte	0x2
  41 0032 07       		.byte	0x7
  42 0033 74000000 		.4byte	.LASF1
  43 0037 02       		.uleb128 0x2
  44 0038 04       		.byte	0x4
  45 0039 07       		.byte	0x7
  46 003a 33000000 		.4byte	.LASF2
  47 003e 02       		.uleb128 0x2
  48 003f 01       		.byte	0x1
  49 0040 06       		.byte	0x6
  50 0041 68000000 		.4byte	.LASF3
  51 0045 02       		.uleb128 0x2
  52 0046 02       		.byte	0x2
  53 0047 05       		.byte	0x5
  54 0048 87000000 		.4byte	.LASF4
  55 004c 02       		.uleb128 0x2
  56 004d 04       		.byte	0x4
  57 004e 05       		.byte	0x5
ARM GAS  C:\Users\RAKIBU~1\AppData\Local\Temp\ccMcuvWF.s 			page 2


  58 004f 9F000000 		.4byte	.LASF5
  59 0053 02       		.uleb128 0x2
  60 0054 04       		.byte	0x4
  61 0055 07       		.byte	0x7
  62 0056 00000000 		.4byte	.LASF6
  63 005a 02       		.uleb128 0x2
  64 005b 01       		.byte	0x1
  65 005c 08       		.byte	0x8
  66 005d F4000000 		.4byte	.LASF7
  67 0061 04       		.uleb128 0x4
  68 0062 02       		.byte	0x2
  69 0063 02       		.byte	0x2
  70 0064 45       		.byte	0x45
  71 0065 09       		.byte	0x9
  72 0066 78000000 		.4byte	0x78
  73 006a 05       		.uleb128 0x5
  74 006b 45000000 		.4byte	.LASF13
  75 006f 02       		.byte	0x2
  76 0070 47       		.byte	0x47
  77 0071 09       		.byte	0x9
  78 0072 24000000 		.4byte	0x24
  79 0076 00       		.byte	0
  80 0077 00       		.byte	0
  81 0078 03       		.uleb128 0x3
  82 0079 DE000000 		.4byte	.LASF9
  83 007d 02       		.byte	0x2
  84 007e 48       		.byte	0x48
  85 007f 03       		.byte	0x3
  86 0080 61000000 		.4byte	0x61
  87 0084 06       		.uleb128 0x6
  88 0085 51000000 		.4byte	.LASF14
  89 0089 02       		.byte	0x2
  90 008a 7E       		.byte	0x7e
  91 008b 1E       		.byte	0x1e
  92 008c 78000000 		.4byte	0x78
  93 0090 00       		.byte	0
  94              		.section	.gnu.debuglto_.debug_abbrev,"e",%progbits
  95              	.Ldebug_abbrev0:
  96 0000 01       		.uleb128 0x1
  97 0001 11       		.uleb128 0x11
  98 0002 01       		.byte	0x1
  99 0003 25       		.uleb128 0x25
 100 0004 0E       		.uleb128 0xe
 101 0005 13       		.uleb128 0x13
 102 0006 0B       		.uleb128 0xb
 103 0007 03       		.uleb128 0x3
 104 0008 0E       		.uleb128 0xe
 105 0009 1B       		.uleb128 0x1b
 106 000a 0E       		.uleb128 0xe
 107 000b 10       		.uleb128 0x10
 108 000c 17       		.uleb128 0x17
 109 000d 00       		.byte	0
 110 000e 00       		.byte	0
 111 000f 02       		.uleb128 0x2
 112 0010 24       		.uleb128 0x24
 113 0011 00       		.byte	0
 114 0012 0B       		.uleb128 0xb
ARM GAS  C:\Users\RAKIBU~1\AppData\Local\Temp\ccMcuvWF.s 			page 3


 115 0013 0B       		.uleb128 0xb
 116 0014 3E       		.uleb128 0x3e
 117 0015 0B       		.uleb128 0xb
 118 0016 03       		.uleb128 0x3
 119 0017 0E       		.uleb128 0xe
 120 0018 00       		.byte	0
 121 0019 00       		.byte	0
 122 001a 03       		.uleb128 0x3
 123 001b 16       		.uleb128 0x16
 124 001c 00       		.byte	0
 125 001d 03       		.uleb128 0x3
 126 001e 0E       		.uleb128 0xe
 127 001f 3A       		.uleb128 0x3a
 128 0020 0B       		.uleb128 0xb
 129 0021 3B       		.uleb128 0x3b
 130 0022 0B       		.uleb128 0xb
 131 0023 39       		.uleb128 0x39
 132 0024 0B       		.uleb128 0xb
 133 0025 49       		.uleb128 0x49
 134 0026 13       		.uleb128 0x13
 135 0027 00       		.byte	0
 136 0028 00       		.byte	0
 137 0029 04       		.uleb128 0x4
 138 002a 13       		.uleb128 0x13
 139 002b 01       		.byte	0x1
 140 002c 0B       		.uleb128 0xb
 141 002d 0B       		.uleb128 0xb
 142 002e 3A       		.uleb128 0x3a
 143 002f 0B       		.uleb128 0xb
 144 0030 3B       		.uleb128 0x3b
 145 0031 0B       		.uleb128 0xb
 146 0032 39       		.uleb128 0x39
 147 0033 0B       		.uleb128 0xb
 148 0034 01       		.uleb128 0x1
 149 0035 13       		.uleb128 0x13
 150 0036 00       		.byte	0
 151 0037 00       		.byte	0
 152 0038 05       		.uleb128 0x5
 153 0039 0D       		.uleb128 0xd
 154 003a 00       		.byte	0
 155 003b 03       		.uleb128 0x3
 156 003c 0E       		.uleb128 0xe
 157 003d 3A       		.uleb128 0x3a
 158 003e 0B       		.uleb128 0xb
 159 003f 3B       		.uleb128 0x3b
 160 0040 0B       		.uleb128 0xb
 161 0041 39       		.uleb128 0x39
 162 0042 0B       		.uleb128 0xb
 163 0043 49       		.uleb128 0x49
 164 0044 13       		.uleb128 0x13
 165 0045 38       		.uleb128 0x38
 166 0046 0B       		.uleb128 0xb
 167 0047 00       		.byte	0
 168 0048 00       		.byte	0
 169 0049 06       		.uleb128 0x6
 170 004a 34       		.uleb128 0x34
 171 004b 00       		.byte	0
ARM GAS  C:\Users\RAKIBU~1\AppData\Local\Temp\ccMcuvWF.s 			page 4


 172 004c 03       		.uleb128 0x3
 173 004d 0E       		.uleb128 0xe
 174 004e 3A       		.uleb128 0x3a
 175 004f 0B       		.uleb128 0xb
 176 0050 3B       		.uleb128 0x3b
 177 0051 0B       		.uleb128 0xb
 178 0052 39       		.uleb128 0x39
 179 0053 0B       		.uleb128 0xb
 180 0054 49       		.uleb128 0x49
 181 0055 13       		.uleb128 0x13
 182 0056 3F       		.uleb128 0x3f
 183 0057 19       		.uleb128 0x19
 184 0058 3C       		.uleb128 0x3c
 185 0059 19       		.uleb128 0x19
 186 005a 00       		.byte	0
 187 005b 00       		.byte	0
 188 005c 00       		.byte	0
 189              		.section	.gnu.debuglto_.debug_line,"e",%progbits
 190              	.Ldebug_line0:
 191 0000 6C000000 		.4byte	.LELT0-.LSLT0
 192              	.LSLT0:
 193 0004 0400     		.2byte	0x4
 194 0006 66000000 		.4byte	.LELTP0-.LASLTP0
 195              	.LASLTP0:
 196 000a 01       		.byte	0x1
 197 000b 01       		.byte	0x1
 198 000c 01       		.byte	0x1
 199 000d F6       		.byte	0xf6
 200 000e F2       		.byte	0xf2
 201 000f 0D       		.byte	0xd
 202 0010 00       		.byte	0
 203 0011 01       		.byte	0x1
 204 0012 01       		.byte	0x1
 205 0013 01       		.byte	0x1
 206 0014 01       		.byte	0x1
 207 0015 00       		.byte	0
 208 0016 00       		.byte	0
 209 0017 00       		.byte	0
 210 0018 01       		.byte	0x1
 211 0019 00       		.byte	0
 212 001a 00       		.byte	0
 213 001b 01       		.byte	0x1
 214 001c 77696E63 		.ascii	"winc1500/bsp/include"
 214      31353030 
 214      2F627370 
 214      2F696E63 
 214      6C756465 
 215 0030 00       		.byte	0
 216 0031 77696E63 		.ascii	"winc1500/bus_wrapper/include"
 216      31353030 
 216      2F627573 
 216      5F777261 
 216      70706572 
 217 004d 00       		.byte	0
 218 004e 00       		.byte	0
 219 004f 6E6D5F62 		.ascii	"nm_bsp.h\000"
 219      73702E68 
ARM GAS  C:\Users\RAKIBU~1\AppData\Local\Temp\ccMcuvWF.s 			page 5


 219      00
 220 0058 01       		.uleb128 0x1
 221 0059 00       		.uleb128 0
 222 005a 00       		.uleb128 0
 223 005b 6E6D5F62 		.ascii	"nm_bus_wrapper.h\000"
 223      75735F77 
 223      72617070 
 223      65722E68 
 223      00
 224 006c 02       		.uleb128 0x2
 225 006d 00       		.uleb128 0
 226 006e 00       		.uleb128 0
 227 006f 00       		.byte	0
 228              	.LELTP0:
 229              	.LELT0:
 230              		.section	.gnu.debuglto_.debug_str,"eMS",%progbits,1
 231              	.LASF6:
 232 0000 756E7369 		.ascii	"unsigned int\000"
 232      676E6564 
 232      20696E74 
 232      00
 233              	.LASF11:
 234 000d 2E2F7769 		.ascii	"./winc1500/driver/source/m2m_crypto.c\000"
 234      6E633135 
 234      30302F64 
 234      72697665 
 234      722F736F 
 235              	.LASF2:
 236 0033 6C6F6E67 		.ascii	"long unsigned int\000"
 236      20756E73 
 236      69676E65 
 236      6420696E 
 236      7400
 237              	.LASF13:
 238 0045 7531364D 		.ascii	"u16MaxTrxSz\000"
 238      61785472 
 238      78537A00 
 239              	.LASF14:
 240 0051 65677374 		.ascii	"egstrNmBusCapabilities\000"
 240      724E6D42 
 240      75734361 
 240      70616269 
 240      6C697469 
 241              	.LASF3:
 242 0068 7369676E 		.ascii	"signed char\000"
 242      65642063 
 242      68617200 
 243              	.LASF1:
 244 0074 73686F72 		.ascii	"short unsigned int\000"
 244      7420756E 
 244      7369676E 
 244      65642069 
 244      6E7400
 245              	.LASF4:
 246 0087 73686F72 		.ascii	"short int\000"
 246      7420696E 
 246      7400
ARM GAS  C:\Users\RAKIBU~1\AppData\Local\Temp\ccMcuvWF.s 			page 6


 247              	.LASF0:
 248 0091 756E7369 		.ascii	"unsigned char\000"
 248      676E6564 
 248      20636861 
 248      7200
 249              	.LASF5:
 250 009f 6C6F6E67 		.ascii	"long int\000"
 250      20696E74 
 250      00
 251              	.LASF12:
 252 00a8 433A5C43 		.ascii	"C:\\ChibiStudio\\workspace_user\\RT-STM32F410RB-NUC"
 252      68696269 
 252      53747564 
 252      696F5C77 
 252      6F726B73 
 253 00d8 4C454F36 		.ascii	"LEO65\000"
 253      3500
 254              	.LASF9:
 255 00de 74737472 		.ascii	"tstrNmBusCapabilities\000"
 255      4E6D4275 
 255      73436170 
 255      6162696C 
 255      69746965 
 256              	.LASF7:
 257 00f4 63686172 		.ascii	"char\000"
 257      00
 258              	.LASF8:
 259 00f9 75696E74 		.ascii	"uint16\000"
 259      313600
 260              	.LASF10:
 261 0100 474E5520 		.ascii	"GNU C17 9.2.1 20191025 (release) [ARM/arm-9-branch "
 261      43313720 
 261      392E322E 
 261      31203230 
 261      31393130 
 262 0133 72657669 		.ascii	"revision 277599] -mcpu=cortex-m4 -mthumb -mfloat-ab"
 262      73696F6E 
 262      20323737 
 262      3539395D 
 262      202D6D63 
 263 0166 693D736F 		.ascii	"i=soft -march=armv7e-m -ggdb -O2 -fomit-frame-point"
 263      6674202D 
 263      6D617263 
 263      683D6172 
 263      6D763765 
 264 0199 6572202D 		.ascii	"er -falign-functions=16 -ffunction-sections -fdata-"
 264      66616C69 
 264      676E2D66 
 264      756E6374 
 264      696F6E73 
 265 01cc 73656374 		.ascii	"sections -fno-common -flto\000"
 265      696F6E73 
 265      202D666E 
 265      6F2D636F 
 265      6D6D6F6E 
 266              		.text
 267              		.section	.gnu.lto_.profile.8688429f,"e",%progbits
ARM GAS  C:\Users\RAKIBU~1\AppData\Local\Temp\ccMcuvWF.s 			page 7


 268 0000 789CE360 		.ascii	"x\234\343``\004B \000\000\000]\000\013"
 268      60044220 
 268      0000005D 
 268      000B
 269              		.text
 270              		.section	.gnu.lto_.icf.8688429f,"e",%progbits
 271 0000 789CE360 		.ascii	"x\234\343``d`b@\006\000\000\316\000\014"
 271      60646062 
 271      40060000 
 271      CE000C
 272              		.text
 273              		.section	.gnu.lto_.jmpfuncs.8688429f,"e",%progbits
 274 0000 789CE360 		.ascii	"x\234\343``d`b@\006\000\000\316\000\014"
 274      60646062 
 274      40060000 
 274      CE000C
 275              		.text
 276              		.section	.gnu.lto_.inline.8688429f,"e",%progbits
 277 0000 789CE360 		.ascii	"x\234\343``d`b@\006\000\000\316\000\014"
 277      60646062 
 277      40060000 
 277      CE000C
 278              		.text
 279              		.section	.gnu.lto_.pureconst.8688429f,"e",%progbits
 280 0000 789CE360 		.ascii	"x\234\343``\004B \000\000\000]\000\013"
 280      60044220 
 280      0000005D 
 280      000B
 281              		.text
 282              		.section	.gnu.lto_.symbol_nodes.8688429f,"e",%progbits
 283 0000 789CE360 		.ascii	"x\234\343``d`b\000\001\000\000n\000\014"
 283      60646062 
 283      00010000 
 283      6E000C
 284              		.text
 285              		.section	.gnu.lto_.refs.8688429f,"e",%progbits
 286 0000 789CE360 		.ascii	"x\234\343``\004B \000\000\000]\000\013"
 286      60044220 
 286      0000005D 
 286      000B
 287              		.text
 288              		.section	.gnu.lto_.decls.8688429f,"e",%progbits
 289 0000 789CE360 		.ascii	"x\234\343``d\000\001\020\251\002\304\377\201\000\304"
 289      60640001 
 289      10A902C4 
 289      FF8100C4 
 290 0010 BEC84000 		.ascii	"\276\310@\000\000\000\3015\004\375"
 290      0000C135 
 290      04FD
 291              		.text
 292              		.section	.gnu.lto_.symtab.8688429f,"e",%progbits
 293              		.text
 294              		.section	.gnu.lto_.opts,"e",%progbits
 295 0000 272D666E 		.ascii	"'-fno-openmp' '-fno-openacc' '-fno-pie' '-mcpu=cort"
 295      6F2D6F70 
 295      656E6D70 
 295      2720272D 
ARM GAS  C:\Users\RAKIBU~1\AppData\Local\Temp\ccMcuvWF.s 			page 8


 295      666E6F2D 
 296 0033 65782D6D 		.ascii	"ex-m4' '-mthumb' '-mfloat-abi=soft' '-march=armv7e-"
 296      34272027 
 296      2D6D7468 
 296      756D6227 
 296      20272D6D 
 297 0066 6D272027 		.ascii	"m' '-O2' '-fomit-frame-pointer' '-falign-functions="
 297      2D4F3227 
 297      20272D66 
 297      6F6D6974 
 297      2D667261 
 298 0099 31362720 		.ascii	"16' '-ffunction-sections' '-fdata-sections' '-fno-c"
 298      272D6666 
 298      756E6374 
 298      696F6E2D 
 298      73656374 
 299 00cc 6F6D6D6F 		.ascii	"ommon' '-flto'\000"
 299      6E272027 
 299      2D666C74 
 299      6F2700
 300              		.text
 301              		.comm	__gnu_lto_v1,1,1
 302              		.comm	__gnu_lto_slim,1,1
 303              		.ident	"GCC: (GNU Tools for Arm Embedded Processors 9-2019-q4-major) 9.2.1 20191025 (release) [ARM
ARM GAS  C:\Users\RAKIBU~1\AppData\Local\Temp\ccMcuvWF.s 			page 9


DEFINED SYMBOLS
                            *ABS*:00000000 m2m_crypto.c
C:\Users\RAKIBU~1\AppData\Local\Temp\ccMcuvWF.s:18     .gnu.debuglto_.debug_info:00000000 m2m_crypto.c.b881e853
                            *COM*:00000001 __gnu_lto_v1
                            *COM*:00000001 __gnu_lto_slim

NO UNDEFINED SYMBOLS
