ARM GAS  C:\Users\RAKIBU~1\AppData\Local\Temp\ccyFx91m.s 			page 1


   1              		.cpu cortex-m4
   2              		.eabi_attribute 20, 1
   3              		.eabi_attribute 21, 1
   4              		.eabi_attribute 23, 3
   5              		.eabi_attribute 24, 1
   6              		.eabi_attribute 25, 1
   7              		.eabi_attribute 26, 1
   8              		.eabi_attribute 30, 2
   9              		.eabi_attribute 34, 1
  10              		.eabi_attribute 18, 4
  11              		.file	"m2m_periph.c"
  12              		.section	.gnu.debuglto_.debug_info,"e",%progbits
  13              	.Ldebug_info0:
  14              		.hidden	m2m_periph.c.1e4ab80d
  15              		.weak	m2m_periph.c.1e4ab80d
  16              	m2m_periph.c.1e4ab80d:
  17 0000 52000000 		.4byte	0x52
  18 0004 0400     		.2byte	0x4
  19 0006 00000000 		.4byte	.Ldebug_abbrev0
  20 000a 04       		.byte	0x4
  21 000b 01       		.uleb128 0x1
  22 000c C0000000 		.4byte	.LASF8
  23 0010 0C       		.byte	0xc
  24 0011 48000000 		.4byte	.LASF9
  25 0015 85000000 		.4byte	.LASF10
  26 0019 00000000 		.4byte	.Ldebug_line0
  27 001d 02       		.uleb128 0x2
  28 001e 01       		.byte	0x1
  29 001f 08       		.byte	0x8
  30 0020 6E000000 		.4byte	.LASF0
  31 0024 02       		.uleb128 0x2
  32 0025 02       		.byte	0x2
  33 0026 07       		.byte	0x7
  34 0027 2B000000 		.4byte	.LASF1
  35 002b 02       		.uleb128 0x2
  36 002c 04       		.byte	0x4
  37 002d 07       		.byte	0x7
  38 002e 0D000000 		.4byte	.LASF2
  39 0032 02       		.uleb128 0x2
  40 0033 01       		.byte	0x1
  41 0034 06       		.byte	0x6
  42 0035 1F000000 		.4byte	.LASF3
  43 0039 02       		.uleb128 0x2
  44 003a 02       		.byte	0x2
  45 003b 05       		.byte	0x5
  46 003c 3E000000 		.4byte	.LASF4
  47 0040 02       		.uleb128 0x2
  48 0041 04       		.byte	0x4
  49 0042 05       		.byte	0x5
  50 0043 7C000000 		.4byte	.LASF5
  51 0047 02       		.uleb128 0x2
  52 0048 04       		.byte	0x4
  53 0049 07       		.byte	0x7
  54 004a 00000000 		.4byte	.LASF6
  55 004e 02       		.uleb128 0x2
  56 004f 01       		.byte	0x1
  57 0050 08       		.byte	0x8
ARM GAS  C:\Users\RAKIBU~1\AppData\Local\Temp\ccyFx91m.s 			page 2


  58 0051 BB000000 		.4byte	.LASF7
  59 0055 00       		.byte	0
  60              		.section	.gnu.debuglto_.debug_abbrev,"e",%progbits
  61              	.Ldebug_abbrev0:
  62 0000 01       		.uleb128 0x1
  63 0001 11       		.uleb128 0x11
  64 0002 01       		.byte	0x1
  65 0003 25       		.uleb128 0x25
  66 0004 0E       		.uleb128 0xe
  67 0005 13       		.uleb128 0x13
  68 0006 0B       		.uleb128 0xb
  69 0007 03       		.uleb128 0x3
  70 0008 0E       		.uleb128 0xe
  71 0009 1B       		.uleb128 0x1b
  72 000a 0E       		.uleb128 0xe
  73 000b 10       		.uleb128 0x10
  74 000c 17       		.uleb128 0x17
  75 000d 00       		.byte	0
  76 000e 00       		.byte	0
  77 000f 02       		.uleb128 0x2
  78 0010 24       		.uleb128 0x24
  79 0011 00       		.byte	0
  80 0012 0B       		.uleb128 0xb
  81 0013 0B       		.uleb128 0xb
  82 0014 3E       		.uleb128 0x3e
  83 0015 0B       		.uleb128 0xb
  84 0016 03       		.uleb128 0x3
  85 0017 0E       		.uleb128 0xe
  86 0018 00       		.byte	0
  87 0019 00       		.byte	0
  88 001a 00       		.byte	0
  89              		.section	.gnu.debuglto_.debug_line,"e",%progbits
  90              	.Ldebug_line0:
  91 0000 1A000000 		.4byte	.LELT0-.LSLT0
  92              	.LSLT0:
  93 0004 0400     		.2byte	0x4
  94 0006 14000000 		.4byte	.LELTP0-.LASLTP0
  95              	.LASLTP0:
  96 000a 01       		.byte	0x1
  97 000b 01       		.byte	0x1
  98 000c 01       		.byte	0x1
  99 000d F6       		.byte	0xf6
 100 000e F2       		.byte	0xf2
 101 000f 0D       		.byte	0xd
 102 0010 00       		.byte	0
 103 0011 01       		.byte	0x1
 104 0012 01       		.byte	0x1
 105 0013 01       		.byte	0x1
 106 0014 01       		.byte	0x1
 107 0015 00       		.byte	0
 108 0016 00       		.byte	0
 109 0017 00       		.byte	0
 110 0018 01       		.byte	0x1
 111 0019 00       		.byte	0
 112 001a 00       		.byte	0
 113 001b 01       		.byte	0x1
 114 001c 00       		.byte	0
ARM GAS  C:\Users\RAKIBU~1\AppData\Local\Temp\ccyFx91m.s 			page 3


 115 001d 00       		.byte	0
 116              	.LELTP0:
 117              	.LELT0:
 118              		.section	.gnu.debuglto_.debug_str,"eMS",%progbits,1
 119              	.LASF6:
 120 0000 756E7369 		.ascii	"unsigned int\000"
 120      676E6564 
 120      20696E74 
 120      00
 121              	.LASF2:
 122 000d 6C6F6E67 		.ascii	"long unsigned int\000"
 122      20756E73 
 122      69676E65 
 122      6420696E 
 122      7400
 123              	.LASF3:
 124 001f 7369676E 		.ascii	"signed char\000"
 124      65642063 
 124      68617200 
 125              	.LASF1:
 126 002b 73686F72 		.ascii	"short unsigned int\000"
 126      7420756E 
 126      7369676E 
 126      65642069 
 126      6E7400
 127              	.LASF4:
 128 003e 73686F72 		.ascii	"short int\000"
 128      7420696E 
 128      7400
 129              	.LASF9:
 130 0048 2E2F7769 		.ascii	"./winc1500/driver/source/m2m_periph.c\000"
 130      6E633135 
 130      30302F64 
 130      72697665 
 130      722F736F 
 131              	.LASF0:
 132 006e 756E7369 		.ascii	"unsigned char\000"
 132      676E6564 
 132      20636861 
 132      7200
 133              	.LASF5:
 134 007c 6C6F6E67 		.ascii	"long int\000"
 134      20696E74 
 134      00
 135              	.LASF10:
 136 0085 433A5C43 		.ascii	"C:\\ChibiStudio\\workspace_user\\RT-STM32F410RB-NUC"
 136      68696269 
 136      53747564 
 136      696F5C77 
 136      6F726B73 
 137 00b5 4C454F36 		.ascii	"LEO65\000"
 137      3500
 138              	.LASF7:
 139 00bb 63686172 		.ascii	"char\000"
 139      00
 140              	.LASF8:
 141 00c0 474E5520 		.ascii	"GNU C17 9.2.1 20191025 (release) [ARM/arm-9-branch "
ARM GAS  C:\Users\RAKIBU~1\AppData\Local\Temp\ccyFx91m.s 			page 4


 141      43313720 
 141      392E322E 
 141      31203230 
 141      31393130 
 142 00f3 72657669 		.ascii	"revision 277599] -mcpu=cortex-m4 -mthumb -mfloat-ab"
 142      73696F6E 
 142      20323737 
 142      3539395D 
 142      202D6D63 
 143 0126 693D736F 		.ascii	"i=soft -march=armv7e-m -ggdb -O2 -fomit-frame-point"
 143      6674202D 
 143      6D617263 
 143      683D6172 
 143      6D763765 
 144 0159 6572202D 		.ascii	"er -falign-functions=16 -ffunction-sections -fdata-"
 144      66616C69 
 144      676E2D66 
 144      756E6374 
 144      696F6E73 
 145 018c 73656374 		.ascii	"sections -fno-common -flto\000"
 145      696F6E73 
 145      202D666E 
 145      6F2D636F 
 145      6D6D6F6E 
 146              		.text
 147              		.section	.gnu.lto_.profile.8092713a,"e",%progbits
 148 0000 789CE360 		.ascii	"x\234\343``\004B \000\000\000]\000\013"
 148      60044220 
 148      0000005D 
 148      000B
 149              		.text
 150              		.section	.gnu.lto_.icf.8092713a,"e",%progbits
 151 0000 789CE360 		.ascii	"x\234\343``d`b@\006\000\000\316\000\014"
 151      60646062 
 151      40060000 
 151      CE000C
 152              		.text
 153              		.section	.gnu.lto_.jmpfuncs.8092713a,"e",%progbits
 154 0000 789CE360 		.ascii	"x\234\343``d`b@\006\000\000\316\000\014"
 154      60646062 
 154      40060000 
 154      CE000C
 155              		.text
 156              		.section	.gnu.lto_.inline.8092713a,"e",%progbits
 157 0000 789CE360 		.ascii	"x\234\343``d`b@\006\000\000\316\000\014"
 157      60646062 
 157      40060000 
 157      CE000C
 158              		.text
 159              		.section	.gnu.lto_.pureconst.8092713a,"e",%progbits
 160 0000 789CE360 		.ascii	"x\234\343``\004B \000\000\000]\000\013"
 160      60044220 
 160      0000005D 
 160      000B
 161              		.text
 162              		.section	.gnu.lto_.symbol_nodes.8092713a,"e",%progbits
 163 0000 789CE360 		.ascii	"x\234\343``d`b\000\001\000\000n\000\014"
ARM GAS  C:\Users\RAKIBU~1\AppData\Local\Temp\ccyFx91m.s 			page 5


 163      60646062 
 163      00010000 
 163      6E000C
 164              		.text
 165              		.section	.gnu.lto_.refs.8092713a,"e",%progbits
 166 0000 789CE360 		.ascii	"x\234\343``\004B \000\000\000]\000\013"
 166      60044220 
 166      0000005D 
 166      000B
 167              		.text
 168              		.section	.gnu.lto_.decls.8092713a,"e",%progbits
 169 0000 789CE360 		.ascii	"x\234\343``d\000\001\020\251\002\304\377\201\000\304"
 169      60640001 
 169      10A902C4 
 169      FF8100C4 
 170 0010 BEC84000 		.ascii	"\276\310@\000\000\000\3015\004\375"
 170      0000C135 
 170      04FD
 171              		.text
 172              		.section	.gnu.lto_.symtab.8092713a,"e",%progbits
 173              		.text
 174              		.section	.gnu.lto_.opts,"e",%progbits
 175 0000 272D666E 		.ascii	"'-fno-openmp' '-fno-openacc' '-fno-pie' '-mcpu=cort"
 175      6F2D6F70 
 175      656E6D70 
 175      2720272D 
 175      666E6F2D 
 176 0033 65782D6D 		.ascii	"ex-m4' '-mthumb' '-mfloat-abi=soft' '-march=armv7e-"
 176      34272027 
 176      2D6D7468 
 176      756D6227 
 176      20272D6D 
 177 0066 6D272027 		.ascii	"m' '-O2' '-fomit-frame-pointer' '-falign-functions="
 177      2D4F3227 
 177      20272D66 
 177      6F6D6974 
 177      2D667261 
 178 0099 31362720 		.ascii	"16' '-ffunction-sections' '-fdata-sections' '-fno-c"
 178      272D6666 
 178      756E6374 
 178      696F6E2D 
 178      73656374 
 179 00cc 6F6D6D6F 		.ascii	"ommon' '-flto'\000"
 179      6E272027 
 179      2D666C74 
 179      6F2700
 180              		.text
 181              		.comm	__gnu_lto_v1,1,1
 182              		.comm	__gnu_lto_slim,1,1
 183              		.ident	"GCC: (GNU Tools for Arm Embedded Processors 9-2019-q4-major) 9.2.1 20191025 (release) [ARM
ARM GAS  C:\Users\RAKIBU~1\AppData\Local\Temp\ccyFx91m.s 			page 6


DEFINED SYMBOLS
                            *ABS*:00000000 m2m_periph.c
C:\Users\RAKIBU~1\AppData\Local\Temp\ccyFx91m.s:16     .gnu.debuglto_.debug_info:00000000 m2m_periph.c.1e4ab80d
                            *COM*:00000001 __gnu_lto_v1
                            *COM*:00000001 __gnu_lto_slim

NO UNDEFINED SYMBOLS
