ARM GAS  C:\Users\RAKIBU~1\AppData\Local\Temp\ccWd1Xrw.s 			page 1


   1              		.cpu cortex-m4
   2              		.eabi_attribute 20, 1
   3              		.eabi_attribute 21, 1
   4              		.eabi_attribute 23, 3
   5              		.eabi_attribute 24, 1
   6              		.eabi_attribute 25, 1
   7              		.eabi_attribute 26, 1
   8              		.eabi_attribute 30, 2
   9              		.eabi_attribute 34, 1
  10              		.eabi_attribute 18, 4
  11              		.file	"nmuart.c"
  12              		.section	.gnu.debuglto_.debug_info,"e",%progbits
  13              	.Ldebug_info0:
  14              		.hidden	nmuart.c.3ac40d0c
  15              		.weak	nmuart.c.3ac40d0c
  16              	nmuart.c.3ac40d0c:
  17 0000 44000000 		.4byte	0x44
  18 0004 0400     		.2byte	0x4
  19 0006 00000000 		.4byte	.Ldebug_abbrev0
  20 000a 04       		.byte	0x4
  21 000b 01       		.uleb128 0x1
  22 000c AA000000 		.4byte	.LASF6
  23 0010 0C       		.byte	0xc
  24 0011 3B000000 		.4byte	.LASF7
  25 0015 74000000 		.4byte	.LASF8
  26 0019 00000000 		.4byte	.Ldebug_line0
  27 001d 02       		.uleb128 0x2
  28 001e 01       		.byte	0x1
  29 001f 08       		.byte	0x8
  30 0020 5D000000 		.4byte	.LASF0
  31 0024 02       		.uleb128 0x2
  32 0025 02       		.byte	0x2
  33 0026 07       		.byte	0x7
  34 0027 28000000 		.4byte	.LASF1
  35 002b 02       		.uleb128 0x2
  36 002c 04       		.byte	0x4
  37 002d 07       		.byte	0x7
  38 002e 0A000000 		.4byte	.LASF2
  39 0032 02       		.uleb128 0x2
  40 0033 01       		.byte	0x1
  41 0034 06       		.byte	0x6
  42 0035 1C000000 		.4byte	.LASF3
  43 0039 02       		.uleb128 0x2
  44 003a 02       		.byte	0x2
  45 003b 05       		.byte	0x5
  46 003c 00000000 		.4byte	.LASF4
  47 0040 02       		.uleb128 0x2
  48 0041 04       		.byte	0x4
  49 0042 05       		.byte	0x5
  50 0043 6B000000 		.4byte	.LASF5
  51 0047 00       		.byte	0
  52              		.section	.gnu.debuglto_.debug_abbrev,"e",%progbits
  53              	.Ldebug_abbrev0:
  54 0000 01       		.uleb128 0x1
  55 0001 11       		.uleb128 0x11
  56 0002 01       		.byte	0x1
  57 0003 25       		.uleb128 0x25
ARM GAS  C:\Users\RAKIBU~1\AppData\Local\Temp\ccWd1Xrw.s 			page 2


  58 0004 0E       		.uleb128 0xe
  59 0005 13       		.uleb128 0x13
  60 0006 0B       		.uleb128 0xb
  61 0007 03       		.uleb128 0x3
  62 0008 0E       		.uleb128 0xe
  63 0009 1B       		.uleb128 0x1b
  64 000a 0E       		.uleb128 0xe
  65 000b 10       		.uleb128 0x10
  66 000c 17       		.uleb128 0x17
  67 000d 00       		.byte	0
  68 000e 00       		.byte	0
  69 000f 02       		.uleb128 0x2
  70 0010 24       		.uleb128 0x24
  71 0011 00       		.byte	0
  72 0012 0B       		.uleb128 0xb
  73 0013 0B       		.uleb128 0xb
  74 0014 3E       		.uleb128 0x3e
  75 0015 0B       		.uleb128 0xb
  76 0016 03       		.uleb128 0x3
  77 0017 0E       		.uleb128 0xe
  78 0018 00       		.byte	0
  79 0019 00       		.byte	0
  80 001a 00       		.byte	0
  81              		.section	.gnu.debuglto_.debug_line,"e",%progbits
  82              	.Ldebug_line0:
  83 0000 1A000000 		.4byte	.LELT0-.LSLT0
  84              	.LSLT0:
  85 0004 0400     		.2byte	0x4
  86 0006 14000000 		.4byte	.LELTP0-.LASLTP0
  87              	.LASLTP0:
  88 000a 01       		.byte	0x1
  89 000b 01       		.byte	0x1
  90 000c 01       		.byte	0x1
  91 000d F6       		.byte	0xf6
  92 000e F2       		.byte	0xf2
  93 000f 0D       		.byte	0xd
  94 0010 00       		.byte	0
  95 0011 01       		.byte	0x1
  96 0012 01       		.byte	0x1
  97 0013 01       		.byte	0x1
  98 0014 01       		.byte	0x1
  99 0015 00       		.byte	0
 100 0016 00       		.byte	0
 101 0017 00       		.byte	0
 102 0018 01       		.byte	0x1
 103 0019 00       		.byte	0
 104 001a 00       		.byte	0
 105 001b 01       		.byte	0x1
 106 001c 00       		.byte	0
 107 001d 00       		.byte	0
 108              	.LELTP0:
 109              	.LELT0:
 110              		.section	.gnu.debuglto_.debug_str,"eMS",%progbits,1
 111              	.LASF4:
 112 0000 73686F72 		.ascii	"short int\000"
 112      7420696E 
 112      7400
ARM GAS  C:\Users\RAKIBU~1\AppData\Local\Temp\ccWd1Xrw.s 			page 3


 113              	.LASF2:
 114 000a 6C6F6E67 		.ascii	"long unsigned int\000"
 114      20756E73 
 114      69676E65 
 114      6420696E 
 114      7400
 115              	.LASF3:
 116 001c 7369676E 		.ascii	"signed char\000"
 116      65642063 
 116      68617200 
 117              	.LASF1:
 118 0028 73686F72 		.ascii	"short unsigned int\000"
 118      7420756E 
 118      7369676E 
 118      65642069 
 118      6E7400
 119              	.LASF7:
 120 003b 2E2F7769 		.ascii	"./winc1500/driver/source/nmuart.c\000"
 120      6E633135 
 120      30302F64 
 120      72697665 
 120      722F736F 
 121              	.LASF0:
 122 005d 756E7369 		.ascii	"unsigned char\000"
 122      676E6564 
 122      20636861 
 122      7200
 123              	.LASF5:
 124 006b 6C6F6E67 		.ascii	"long int\000"
 124      20696E74 
 124      00
 125              	.LASF8:
 126 0074 433A5C43 		.ascii	"C:\\ChibiStudio\\workspace_user\\RT-STM32F410RB-NUC"
 126      68696269 
 126      53747564 
 126      696F5C77 
 126      6F726B73 
 127 00a4 4C454F36 		.ascii	"LEO65\000"
 127      3500
 128              	.LASF6:
 129 00aa 474E5520 		.ascii	"GNU C17 9.2.1 20191025 (release) [ARM/arm-9-branch "
 129      43313720 
 129      392E322E 
 129      31203230 
 129      31393130 
 130 00dd 72657669 		.ascii	"revision 277599] -mcpu=cortex-m4 -mthumb -mfloat-ab"
 130      73696F6E 
 130      20323737 
 130      3539395D 
 130      202D6D63 
 131 0110 693D736F 		.ascii	"i=soft -march=armv7e-m -ggdb -O2 -fomit-frame-point"
 131      6674202D 
 131      6D617263 
 131      683D6172 
 131      6D763765 
 132 0143 6572202D 		.ascii	"er -falign-functions=16 -ffunction-sections -fdata-"
 132      66616C69 
ARM GAS  C:\Users\RAKIBU~1\AppData\Local\Temp\ccWd1Xrw.s 			page 4


 132      676E2D66 
 132      756E6374 
 132      696F6E73 
 133 0176 73656374 		.ascii	"sections -fno-common -flto\000"
 133      696F6E73 
 133      202D666E 
 133      6F2D636F 
 133      6D6D6F6E 
 134              		.text
 135              		.section	.gnu.lto_.profile.80926101,"e",%progbits
 136 0000 789CE360 		.ascii	"x\234\343``\004B \000\000\000]\000\013"
 136      60044220 
 136      0000005D 
 136      000B
 137              		.text
 138              		.section	.gnu.lto_.icf.80926101,"e",%progbits
 139 0000 789CE360 		.ascii	"x\234\343``d`b@\006\000\000\316\000\014"
 139      60646062 
 139      40060000 
 139      CE000C
 140              		.text
 141              		.section	.gnu.lto_.jmpfuncs.80926101,"e",%progbits
 142 0000 789CE360 		.ascii	"x\234\343``d`b@\006\000\000\316\000\014"
 142      60646062 
 142      40060000 
 142      CE000C
 143              		.text
 144              		.section	.gnu.lto_.inline.80926101,"e",%progbits
 145 0000 789CE360 		.ascii	"x\234\343``d`b@\006\000\000\316\000\014"
 145      60646062 
 145      40060000 
 145      CE000C
 146              		.text
 147              		.section	.gnu.lto_.pureconst.80926101,"e",%progbits
 148 0000 789CE360 		.ascii	"x\234\343``\004B \000\000\000]\000\013"
 148      60044220 
 148      0000005D 
 148      000B
 149              		.text
 150              		.section	.gnu.lto_.symbol_nodes.80926101,"e",%progbits
 151 0000 789CE360 		.ascii	"x\234\343``d`b\000\001\000\000n\000\014"
 151      60646062 
 151      00010000 
 151      6E000C
 152              		.text
 153              		.section	.gnu.lto_.refs.80926101,"e",%progbits
 154 0000 789CE360 		.ascii	"x\234\343``\004B \000\000\000]\000\013"
 154      60044220 
 154      0000005D 
 154      000B
 155              		.text
 156              		.section	.gnu.lto_.decls.80926101,"e",%progbits
 157 0000 789CE360 		.ascii	"x\234\343``d\000\001\020\251\002\304\377\201\000\304"
 157      60640001 
 157      10A902C4 
 157      FF8100C4 
 158 0010 BEC84000 		.ascii	"\276\310@\000\000\000\3015\004\375"
ARM GAS  C:\Users\RAKIBU~1\AppData\Local\Temp\ccWd1Xrw.s 			page 5


 158      0000C135 
 158      04FD
 159              		.text
 160              		.section	.gnu.lto_.symtab.80926101,"e",%progbits
 161              		.text
 162              		.section	.gnu.lto_.opts,"e",%progbits
 163 0000 272D666E 		.ascii	"'-fno-openmp' '-fno-openacc' '-fno-pie' '-mcpu=cort"
 163      6F2D6F70 
 163      656E6D70 
 163      2720272D 
 163      666E6F2D 
 164 0033 65782D6D 		.ascii	"ex-m4' '-mthumb' '-mfloat-abi=soft' '-march=armv7e-"
 164      34272027 
 164      2D6D7468 
 164      756D6227 
 164      20272D6D 
 165 0066 6D272027 		.ascii	"m' '-O2' '-fomit-frame-pointer' '-falign-functions="
 165      2D4F3227 
 165      20272D66 
 165      6F6D6974 
 165      2D667261 
 166 0099 31362720 		.ascii	"16' '-ffunction-sections' '-fdata-sections' '-fno-c"
 166      272D6666 
 166      756E6374 
 166      696F6E2D 
 166      73656374 
 167 00cc 6F6D6D6F 		.ascii	"ommon' '-flto'\000"
 167      6E272027 
 167      2D666C74 
 167      6F2700
 168              		.text
 169              		.comm	__gnu_lto_v1,1,1
 170              		.comm	__gnu_lto_slim,1,1
 171              		.ident	"GCC: (GNU Tools for Arm Embedded Processors 9-2019-q4-major) 9.2.1 20191025 (release) [ARM
ARM GAS  C:\Users\RAKIBU~1\AppData\Local\Temp\ccWd1Xrw.s 			page 6


DEFINED SYMBOLS
                            *ABS*:00000000 nmuart.c
C:\Users\RAKIBU~1\AppData\Local\Temp\ccWd1Xrw.s:16     .gnu.debuglto_.debug_info:00000000 nmuart.c.3ac40d0c
                            *COM*:00000001 __gnu_lto_v1
                            *COM*:00000001 __gnu_lto_slim

NO UNDEFINED SYMBOLS
